<?xml version="1.0" encoding="UTF-8"?>
<testsuite xmlns:xsi="http://www.w3.org/2001/XMLSchema-instance" xsi:noNamespaceSchemaLocation="https://maven.apache.org/surefire/maven-surefire-plugin/xsd/surefire-test-report.xsd" name="com.tcl.emp.repo.AuthorRepositoriesTest" time="10.043" tests="4" errors="0" skipped="0" failures="4">
  <properties>
[...]
</properties>
  <testcase name="givenFirstNameAndLastName_whenFindByFirstNameAndLastName_thenReturnListOFAuthror" classname="com.tcl.emp.repo.AuthorRepositoriesTest" time="0.688">
    <failure message="&#10;Expecting actual:&#10;  0&#10;to be greater than:&#10;  0&#10;" type="java.lang.AssertionError">java.lang.AssertionError: 

Expecting actual:
  0
to be greater than:
  0

	at com.tcl.emp.repo.AuthorRepositoriesTest.givenFirstNameAndLastName_whenFindByFirstNameAndLastName_thenReturnListOFAuthror(AuthorRepositoriesTest.java:45)
</failure>
    <system-out><![CDATA[11:08:01.352 [main] DEBUG org.springframework.boot.test.context.SpringBootTestContextBootstrapper - Neither @ContextConfiguration nor @ContextHierarchy found for test class [AuthorRepositoriesTest]: using SpringBootContextLoader
11:08:01.359 [main] DEBUG org.springframework.test.context.support.AbstractContextLoader - Could not detect default resource locations for test class [com.tcl.emp.repo.AuthorRepositoriesTest]: no resource found for suffixes {-context.xml, Context.groovy}.
11:08:01.360 [main] INFO org.springframework.test.context.support.AnnotationConfigContextLoaderUtils - Could not detect default configuration classes for test class [com.tcl.emp.repo.AuthorRepositoriesTest]: AuthorRepositoriesTest does not declare any static, non-private, non-final, nested classes annotated with @Configuration.
11:08:01.416 [main] DEBUG org.springframework.boot.test.context.SpringBootTestContextBootstrapper - Using ContextCustomizers for test class [AuthorRepositoriesTest]: [ExcludeFilterContextCustomizer, DuplicateJsonObjectContextCustomizer, MockitoContextCustomizer, TestRestTemplateContextCustomizer, DisableObservabilityContextCustomizer, PropertyMappingContextCustomizer, Customizer]
11:08:01.559 [main] DEBUG org.springframework.context.annotation.ClassPathScanningCandidateComponentProvider - Identified candidate component class: file [D:\Spring\Tcl-Spring-app\target\classes\com\tcl\emp\TclSpringAppApplication.class]
11:08:01.561 [main] INFO org.springframework.boot.test.context.SpringBootTestContextBootstrapper - Found @SpringBootConfiguration com.tcl.emp.TclSpringAppApplication for test class com.tcl.emp.repo.AuthorRepositoriesTest
11:08:01.775 [main] DEBUG org.springframework.boot.test.context.SpringBootTestContextBootstrapper - Using TestExecutionListeners for test class [AuthorRepositoriesTest]: [ServletTestExecutionListener, DirtiesContextBeforeModesTestExecutionListener, ApplicationEventsTestExecutionListener, MockitoTestExecutionListener, DependencyInjectionTestExecutionListener, DirtiesContextTestExecutionListener, TransactionalTestExecutionListener, SqlScriptsTestExecutionListener, EventPublishingTestExecutionListener, ResetMocksTestExecutionListener, RestDocsTestExecutionListener, MockRestServiceServerResetTestExecutionListener, MockMvcPrintOnlyOnFailureTestExecutionListener, WebDriverTestExecutionListener, MockWebServiceServerTestExecutionListener]
11:08:01.782 [main] DEBUG org.springframework.test.context.support.AbstractDirtiesContextTestExecutionListener - Before test class: class [AuthorRepositoriesTest], class annotated with @DirtiesContext [false] with mode [null]

  .   ____          _            __ _ _
 /\\ / ___'_ __ _ _(_)_ __  __ _ \ \ \ \
( ( )\___ | '_ | '_| | '_ \/ _` | \ \ \ \
 \\/  ___)| |_)| | | | | || (_| |  ) ) ) )
  '  |____| .__|_| |_|_| |_\__, | / / / /
 =========|_|==============|___/=/_/_/_/
 :: Spring Boot ::                (v3.0.0)

2023-03-22T11:08:02.376+05:30  INFO 3156 --- [           main] c.tcl.emp.repo.AuthorRepositoriesTest    : Starting AuthorRepositoriesTest using Java 17.0.4 with PID 3156 (started by Dell in D:\Spring\Tcl-Spring-app)
2023-03-22T11:08:02.381+05:30  INFO 3156 --- [           main] c.tcl.emp.repo.AuthorRepositoriesTest    : No active profile set, falling back to 1 default profile: "default"
2023-03-22T11:08:03.935+05:30  INFO 3156 --- [           main] .s.d.r.c.RepositoryConfigurationDelegate : Bootstrapping Spring Data JPA repositories in DEFAULT mode.
2023-03-22T11:08:04.058+05:30  INFO 3156 --- [           main] .s.d.r.c.RepositoryConfigurationDelegate : Finished Spring Data repository scanning in 102 ms. Found 4 JPA repository interfaces.
2023-03-22T11:08:04.922+05:30  INFO 3156 --- [           main] o.hibernate.jpa.internal.util.LogHelper  : HHH000204: Processing PersistenceUnitInfo [name: default]
2023-03-22T11:08:05.062+05:30  INFO 3156 --- [           main] org.hibernate.Version                    : HHH000412: Hibernate ORM core version 6.1.5.Final
2023-03-22T11:08:05.386+05:30  WARN 3156 --- [           main] org.hibernate.orm.deprecation            : HHH90000021: Encountered deprecated setting [javax.persistence.sharedCache.mode], use [jakarta.persistence.sharedCache.mode] instead
2023-03-22T11:08:05.719+05:30  INFO 3156 --- [           main] com.zaxxer.hikari.HikariDataSource       : HikariPool-1 - Starting...
2023-03-22T11:08:06.460+05:30  INFO 3156 --- [           main] com.zaxxer.hikari.pool.HikariPool        : HikariPool-1 - Added connection com.mysql.cj.jdbc.ConnectionImpl@1a2724d3
2023-03-22T11:08:06.465+05:30  INFO 3156 --- [           main] com.zaxxer.hikari.HikariDataSource       : HikariPool-1 - Start completed.
2023-03-22T11:08:06.586+05:30  INFO 3156 --- [           main] SQL dialect                              : HHH000400: Using dialect: org.hibernate.dialect.MySQLDialect
2023-03-22T11:08:08.516+05:30  INFO 3156 --- [           main] o.h.e.t.j.p.i.JtaPlatformInitiator       : HHH000490: Using JtaPlatform implementation: [org.hibernate.engine.transaction.jta.platform.internal.NoJtaPlatform]
2023-03-22T11:08:08.537+05:30  INFO 3156 --- [           main] j.LocalContainerEntityManagerFactoryBean : Initialized JPA EntityManagerFactory for persistence unit 'default'
2023-03-22T11:08:09.771+05:30  WARN 3156 --- [           main] JpaBaseConfiguration$JpaWebConfiguration : spring.jpa.open-in-view is enabled by default. Therefore, database queries may be performed during view rendering. Explicitly configure spring.jpa.open-in-view to disable this warning
2023-03-22T11:08:10.360+05:30  INFO 3156 --- [           main] c.tcl.emp.repo.AuthorRepositoriesTest    : Started AuthorRepositoriesTest in 8.485 seconds (process running for 10.435)
Hibernate: 
    select
        a1_0.id,
        a1_0.first_name,
        a1_0.last_name,
        a1_0.version 
    from
        author a1_0 
    where
        a1_0.first_name=? 
        and a1_0.last_name=?
]]></system-out>
  </testcase>
  <testcase name="givenFirstName_whenFindByFirstName_thenReturnListOFAuthror" classname="com.tcl.emp.repo.AuthorRepositoriesTest" time="0.009">
    <failure message="&#10;Expecting actual:&#10;  0&#10;to be greater than:&#10;  0&#10;" type="java.lang.AssertionError">java.lang.AssertionError: 

Expecting actual:
  0
to be greater than:
  0

	at com.tcl.emp.repo.AuthorRepositoriesTest.givenFirstName_whenFindByFirstName_thenReturnListOFAuthror(AuthorRepositoriesTest.java:31)
</failure>
    <system-out><![CDATA[Hibernate: 
    select
        a1_0.id,
        a1_0.first_name,
        a1_0.last_name,
        a1_0.version 
    from
        author a1_0 
    where
        a1_0.first_name=?
]]></system-out>
  </testcase>
  <testcase name="givenBookTitle_whenFindByBookstitle_thenReturnListOFAuthror" classname="com.tcl.emp.repo.AuthorRepositoriesTest" time="0.014">
    <failure message="&#10;Expecting actual:&#10;  0&#10;to be greater than:&#10;  0&#10;" type="java.lang.AssertionError">java.lang.AssertionError: 

Expecting actual:
  0
to be greater than:
  0

	at com.tcl.emp.repo.AuthorRepositoriesTest.givenBookTitle_whenFindByBookstitle_thenReturnListOFAuthror(AuthorRepositoriesTest.java:73)
</failure>
    <system-out><![CDATA[Hibernate: 
    select
        a1_0.id,
        a1_0.first_name,
        a1_0.last_name,
        a1_0.version 
    from
        author a1_0 
    left join
        (auth_books b1_0 
    join
        book b1_1 
            on b1_1.bid=b1_0.id) 
                on a1_0.id=b1_0.bid 
        where
            b1_1.title=?
]]></system-out>
  </testcase>
  <testcase name="givenFirstNamename_whenFindByFirstNameContainingIgnoreCase_thenReturnListOFAuthror" classname="com.tcl.emp.repo.AuthorRepositoriesTest" time="0.037">
    <failure message="&#10;expected: 2&#10; but was: 0" type="org.opentest4j.AssertionFailedError">org.opentest4j.AssertionFailedError: 

expected: 2
 but was: 0
	at com.tcl.emp.repo.AuthorRepositoriesTest.givenFirstNamename_whenFindByFirstNameContainingIgnoreCase_thenReturnListOFAuthror(AuthorRepositoriesTest.java:59)
</failure>
    <system-out><![CDATA[Hibernate: 
    select
        a1_0.id,
        a1_0.first_name,
        a1_0.last_name,
        a1_0.version 
    from
        author a1_0 
    where
        upper(a1_0.first_name) like upper(?) escape '\\'
]]></system-out>
  </testcase>
</testsuite>